<?xml version='1.0' encoding='UTF-8'?>
<testsuite hostname="DESKTOP-LIE0U6P" name="GameLogic.BoardTest" tests="1" errors="0" failures="0" skipped="0" time="0.031" timestamp="2019-08-30T02:25:00">
                     <properties>
[...]
</properties>
                     <testcase classname="GameLogic.BoardTest" name="getThisPlayerChains() should return the chains of the current player" time="0.031">
                                                 
                                               </testcase>
                     <system-out><![CDATA[]]></system-out>
                     <system-err><![CDATA[]]></system-err>
                   </testsuite>